# ELBREAD: Elaboration process.
# ELBREAD: Elaboration time 0.0 [s].
# ELBREAD: Elaboration process.
# ELBREAD: Elaboration time 0.0 [s].
asim -O5 +access +r +m+simplecpu simplecpu simplecpu
# ELBREAD: Elaboration process.
# ELBREAD: Elaboration time 0.0 [s].
# asim: Stack memory: 32MB
# asim: Retval memory: 32MB
acom -O3 -work finalproject -2002  $dsn/src/simplecpu.vhd
# Compile...
# Warning: DAGGEN_0523: The source is compiled without the -dbg switch. Line breakpoints and assertion debug will not be available.
# File: c:\My_Designs\finalProject\finalproject\src\simplecpu.vhd
# Compile Entity "simplecpu"
# Compile Architecture "simplecpu" of Entity "simplecpu"
# Compile success 0 Errors 0 Warnings  Analysis time :  0.2 [s]
# ELBREAD: Elaboration process.
# ELBREAD: Elaboration time 0.0 [s].
# KERNEL: Main thread initiated.
# KERNEL: Kernel process initialization phase.
# KERNEL: Time resolution set to 1ps.
# ELAB2: Elaboration final pass...
# ELAB2: Create instances ...
# ELAB2: Create instances complete.
# SLP: Started
# SLP: Elaboration phase ...
# SLP: Elaboration phase ... skipped, nothing to simulate in SLP mode : 0.0 [s]
# SLP: Finished : 0.0 [s]
# ELAB2: Elaboration final pass complete - time: 0.1 [s].
# KERNEL: Kernel process initialization done.
# Allocation: Simulator allocated 7082 kB (elbread=1023 elab2=5903 kernel=155 sdf=0)
# KERNEL: ASDB file was created in location c:\My_Designs\finalProject\finalproject\src\wave.asdb
#  4:25 PM, Tuesday, July 21, 2020
#  Simulation has been initialized
#  Selected Top-Level: simplecpu (simplecpu)
# Waveform file 'c:/My_Designs/finalProject/finalproject/src/untitled.awc' connected to 'c:/My_Designs/finalProject/finalproject/src/untitled.asdb'.
run 500 ns
# KERNEL: stopped at time: 500 ns
# KERNEL: Simulation has finished. There are no more test vectors to simulate.
acom -O3 -work finalproject -2002  $dsn/src/simplecpu.vhd
# Compile...
# Warning: DAGGEN_0523: The source is compiled without the -dbg switch. Line breakpoints and assertion debug will not be available.
# File: c:\My_Designs\finalProject\finalproject\src\simplecpu.vhd
# Compile Entity "simplecpu"
# Compile Architecture "simplecpu" of Entity "simplecpu"
# Compile success 0 Errors 0 Warnings  Analysis time :  0.3 [s]
acom -O3 -work finalproject -2002  $dsn/src/simplecpu.vhd
# Compile...
# Warning: DAGGEN_0523: The source is compiled without the -dbg switch. Line breakpoints and assertion debug will not be available.
# File: c:\My_Designs\finalProject\finalproject\src\simplecpu.vhd
# Compile Entity "simplecpu"
# Compile Architecture "simplecpu" of Entity "simplecpu"
# Compile success 0 Errors 0 Warnings  Analysis time :  78.0 [ms]
#  Simulation has been stopped
# ELBREAD: Elaboration process.
# ELBREAD: Elaboration time 0.0 [s].
asim -O5 +access +r +m+simplecpu simplecpu simplecpu
# ELBREAD: Elaboration process.
# ELBREAD: Elaboration time 0.0 [s].
# asim: Stack memory: 32MB
# asim: Retval memory: 32MB
# KERNEL: Main thread initiated.
# KERNEL: Kernel process initialization phase.
# KERNEL: Time resolution set to 1ps.
# ELAB2: Elaboration final pass...
# ELAB2: Create instances ...
# ELAB2: Create instances complete.
# SLP: Started
# SLP: Elaboration phase ...
# SLP: Elaboration phase ... skipped, nothing to simulate in SLP mode : 0.0 [s]
# SLP: Finished : 0.0 [s]
# ELAB2: Elaboration final pass complete - time: 0.1 [s].
# KERNEL: Kernel process initialization done.
# Allocation: Simulator allocated 7082 kB (elbread=1023 elab2=5903 kernel=155 sdf=0)
# KERNEL: ASDB file was created in location c:\My_Designs\finalProject\finalproject\src\wave.asdb
#  4:13 AM, Wednesday, July 22, 2020
#  Simulation has been initialized
#  Selected Top-Level: simplecpu (simplecpu)
# add wave -noreg {/simplecpu/reset}
# add wave -noreg {/simplecpu/clk}
# add wave -noreg {/simplecpu/output}
# add wave -noreg {/simplecpu/nx_State}
# add wave -noreg {/simplecpu/pr_state}
# add wave -noreg {/simplecpu/rin_r0}
# add wave -noreg {/simplecpu/rout_r0}
# add wave -noreg {/simplecpu/rin_r1}
# add wave -noreg {/simplecpu/rout_r1}
# add wave -noreg {/simplecpu/rin_r2}
# add wave -noreg {/simplecpu/rout_r2}
# add wave -noreg {/simplecpu/rin_r3}
# add wave -noreg {/simplecpu/rout_r3}
# add wave -noreg {/simplecpu/pc}
# add wave -noreg {/simplecpu/rin_ir}
# add wave -noreg {/simplecpu/rout_ir}
# add wave -noreg {/simplecpu/LD0}
# add wave -noreg {/simplecpu/LD1}
# add wave -noreg {/simplecpu/LD2}
# add wave -noreg {/simplecpu/LD3}
# add wave -noreg {/simplecpu/zr0}
# add wave -noreg {/simplecpu/zr1}
# add wave -noreg {/simplecpu/zr2}
# add wave -noreg {/simplecpu/zr3}
# add wave -noreg {/simplecpu/LD_PC}
# add wave -noreg {/simplecpu/LD_IR}
# add wave -noreg {/simplecpu/inc_pc}
# add wave -noreg {/simplecpu/clr_pc}
# add wave -noreg {/simplecpu/s0}
# add wave -noreg {/simplecpu/s1}
# add wave -noreg {/simplecpu/reg_select_mux0}
# add wave -noreg {/simplecpu/reg_select_mux1}
# add wave -noreg {/simplecpu/ir_select}
# add wave -noreg {/simplecpu/mux0}
# add wave -noreg {/simplecpu/mux1}
# add wave -noreg {/simplecpu/aluresult}
# add wave -noreg {/simplecpu/busline}
# add wave -noreg {/simplecpu/MData}
# add wave -noreg {/simplecpu/bus_sel}
# add wave -noreg {/simplecpu/cmd}
# add wave -noreg {/simplecpu/data}
# add wave -noreg {/simplecpu/my_Rom}
# Warning: WAVEFORM: Object matching /simplecpu/s0 not found in c:/My_Designs/finalProject/finalproject/src/untitled.asdb.
# Warning: WAVEFORM: Object matching /simplecpu/s1 not found in c:/My_Designs/finalProject/finalproject/src/untitled.asdb.
# Warning: WAVEFORM: Object matching /simplecpu/reg_select_mux0 not found in c:/My_Designs/finalProject/finalproject/src/untitled.asdb.
# Warning: WAVEFORM: Object matching /simplecpu/reg_select_mux1 not found in c:/My_Designs/finalProject/finalproject/src/untitled.asdb.
# Warning: WAVEFORM: Object matching /simplecpu/ir_select not found in c:/My_Designs/finalProject/finalproject/src/untitled.asdb.
# add wave -noreg {/simplecpu/reset}
# add wave -noreg {/simplecpu/clk}
# add wave -noreg {/simplecpu/output}
# add wave -noreg {/simplecpu/nx_State}
# add wave -noreg {/simplecpu/pr_state}
# add wave -noreg {/simplecpu/rin_r0}
# add wave -noreg {/simplecpu/rout_r0}
# add wave -noreg {/simplecpu/rin_r1}
# add wave -noreg {/simplecpu/rout_r1}
# add wave -noreg {/simplecpu/rin_r2}
# add wave -noreg {/simplecpu/rout_r2}
# add wave -noreg {/simplecpu/rin_r3}
# add wave -noreg {/simplecpu/rout_r3}
# add wave -noreg {/simplecpu/pc}
# add wave -noreg {/simplecpu/rin_ir}
# add wave -noreg {/simplecpu/rout_ir}
# add wave -noreg {/simplecpu/LD0}
# add wave -noreg {/simplecpu/LD1}
# add wave -noreg {/simplecpu/LD2}
# add wave -noreg {/simplecpu/LD3}
# add wave -noreg {/simplecpu/zr0}
# add wave -noreg {/simplecpu/zr1}
# add wave -noreg {/simplecpu/zr2}
# add wave -noreg {/simplecpu/zr3}
# add wave -noreg {/simplecpu/LD_PC}
# add wave -noreg {/simplecpu/LD_IR}
# add wave -noreg {/simplecpu/inc_pc}
# add wave -noreg {/simplecpu/clr_pc}
# add wave -noreg {/simplecpu/s0}
# add wave -noreg {/simplecpu/s1}
# add wave -noreg {/simplecpu/reg_select_mux0}
# add wave -noreg {/simplecpu/reg_select_mux1}
# add wave -noreg {/simplecpu/ir_select}
# add wave -noreg {/simplecpu/mux0}
# add wave -noreg {/simplecpu/mux1}
# add wave -noreg {/simplecpu/aluresult}
# add wave -noreg {/simplecpu/busline}
# add wave -noreg {/simplecpu/MData}
# add wave -noreg {/simplecpu/bus_sel}
# add wave -noreg {/simplecpu/cmd}
# add wave -noreg {/simplecpu/data}
# add wave -noreg {/simplecpu/my_Rom}
# Warning: WAVEFORM: Object matching /simplecpu/s0 not found in c:/My_Designs/finalProject/finalproject/src/untitled.asdb.
# Warning: WAVEFORM: Object matching /simplecpu/s1 not found in c:/My_Designs/finalProject/finalproject/src/untitled.asdb.
# Warning: WAVEFORM: Object matching /simplecpu/reg_select_mux0 not found in c:/My_Designs/finalProject/finalproject/src/untitled.asdb.
# Warning: WAVEFORM: Object matching /simplecpu/reg_select_mux1 not found in c:/My_Designs/finalProject/finalproject/src/untitled.asdb.
# Warning: WAVEFORM: Object matching /simplecpu/ir_select not found in c:/My_Designs/finalProject/finalproject/src/untitled.asdb.
# add wave -noreg {/simplecpu/reset}
# add wave -noreg {/simplecpu/clk}
# add wave -noreg {/simplecpu/output}
# add wave -noreg {/simplecpu/nx_State}
# add wave -noreg {/simplecpu/pr_state}
# add wave -noreg {/simplecpu/rin_r0}
# add wave -noreg {/simplecpu/rout_r0}
# add wave -noreg {/simplecpu/rin_r1}
# add wave -noreg {/simplecpu/rout_r1}
# add wave -noreg {/simplecpu/rin_r2}
# add wave -noreg {/simplecpu/rout_r2}
# add wave -noreg {/simplecpu/rin_r3}
# add wave -noreg {/simplecpu/rout_r3}
# add wave -noreg {/simplecpu/pc}
# add wave -noreg {/simplecpu/rin_ir}
# add wave -noreg {/simplecpu/rout_ir}
# add wave -noreg {/simplecpu/LD0}
# add wave -noreg {/simplecpu/LD1}
# add wave -noreg {/simplecpu/LD2}
# add wave -noreg {/simplecpu/LD3}
# add wave -noreg {/simplecpu/zr0}
# add wave -noreg {/simplecpu/zr1}
# add wave -noreg {/simplecpu/zr2}
# add wave -noreg {/simplecpu/zr3}
# add wave -noreg {/simplecpu/LD_PC}
# add wave -noreg {/simplecpu/LD_IR}
# add wave -noreg {/simplecpu/inc_pc}
# add wave -noreg {/simplecpu/clr_pc}
# add wave -noreg {/simplecpu/s0}
# add wave -noreg {/simplecpu/s1}
# add wave -noreg {/simplecpu/reg_select_mux0}
# add wave -noreg {/simplecpu/reg_select_mux1}
# add wave -noreg {/simplecpu/ir_select}
# add wave -noreg {/simplecpu/mux0}
# add wave -noreg {/simplecpu/mux1}
# add wave -noreg {/simplecpu/aluresult}
# add wave -noreg {/simplecpu/busline}
# add wave -noreg {/simplecpu/MData}
# add wave -noreg {/simplecpu/bus_sel}
# add wave -noreg {/simplecpu/cmd}
# add wave -noreg {/simplecpu/data}
# add wave -noreg {/simplecpu/my_Rom}
# 42 signal(s) traced.
# Waveform file 'untitled.awc' connected to 'c:/My_Designs/finalProject/finalproject/src/wave.asdb'.
# add wave -noreg {/simplecpu/clk}
# KERNEL: Warning: KERNEL_0291 Signal '/simplecpu/clk' has already been traced.
# 0 signal(s) traced.
run 500 ns
# KERNEL: stopped at time: 500 ns
restart
# ELBREAD: Elaboration process.
# ELBREAD: Elaboration time 0.0 [s].
# KERNEL: Main thread initiated.
# KERNEL: Kernel process initialization phase.
# KERNEL: Time resolution set to 1ps.
# ELAB2: Elaboration final pass...
# ELAB2: Create instances ...
# ELAB2: Create instances complete.
# SLP: Started
# SLP: Elaboration phase ...
# SLP: Elaboration phase ... skipped, nothing to simulate in SLP mode : 0.0 [s]
# SLP: Finished : 0.0 [s]
# ELAB2: Elaboration final pass complete - time: 0.0 [s].
# KERNEL: Kernel process initialization done.
# Allocation: Simulator allocated 7082 kB (elbread=1023 elab2=5903 kernel=155 sdf=0)
# KERNEL: ASDB file was created in location c:\My_Designs\finalProject\finalproject\src\wave.asdb
#  4:14 AM, Wednesday, July 22, 2020
#  Simulation has been initialized
#  Selected Top-Level: simplecpu (simplecpu)
# Waveform file 'untitled.awc' connected to 'c:/My_Designs/finalProject/finalproject/src/wave.asdb'.
run 500 ns
# KERNEL: stopped at time: 500 ns
run 500 ns
# KERNEL: stopped at time: 1 us
run 500 ns
# KERNEL: stopped at time: 1500 ns
run 500 ns
# KERNEL: stopped at time: 2 us
restart
# ELBREAD: Elaboration process.
# ELBREAD: Elaboration time 0.0 [s].
# KERNEL: Main thread initiated.
# KERNEL: Kernel process initialization phase.
# KERNEL: Time resolution set to 1ps.
# ELAB2: Elaboration final pass...
# ELAB2: Create instances ...
# ELAB2: Create instances complete.
# SLP: Started
# SLP: Elaboration phase ...
# SLP: Elaboration phase ... skipped, nothing to simulate in SLP mode : 0.0 [s]
# SLP: Finished : 0.0 [s]
# ELAB2: Elaboration final pass complete - time: 0.0 [s].
# KERNEL: Kernel process initialization done.
# Allocation: Simulator allocated 7082 kB (elbread=1023 elab2=5903 kernel=155 sdf=0)
# KERNEL: ASDB file was created in location c:\My_Designs\finalProject\finalproject\src\wave.asdb
#  4:16 AM, Wednesday, July 22, 2020
#  Simulation has been initialized
#  Selected Top-Level: simplecpu (simplecpu)
# Waveform file 'untitled.awc' connected to 'c:/My_Designs/finalProject/finalproject/src/wave.asdb'.
run 500 ns
# KERNEL: stopped at time: 500 ns
run 500 ns
# KERNEL: stopped at time: 1 us
restart
# ELBREAD: Elaboration process.
# ELBREAD: Elaboration time 0.0 [s].
# KERNEL: Main thread initiated.
# KERNEL: Kernel process initialization phase.
# KERNEL: Time resolution set to 1ps.
# ELAB2: Elaboration final pass...
# ELAB2: Create instances ...
# ELAB2: Create instances complete.
# SLP: Started
# SLP: Elaboration phase ...
# SLP: Elaboration phase ... skipped, nothing to simulate in SLP mode : 0.0 [s]
# SLP: Finished : 0.0 [s]
# ELAB2: Elaboration final pass complete - time: 0.0 [s].
# KERNEL: Kernel process initialization done.
# Allocation: Simulator allocated 7082 kB (elbread=1023 elab2=5903 kernel=155 sdf=0)
# KERNEL: ASDB file was created in location c:\My_Designs\finalProject\finalproject\src\wave.asdb
#  4:20 AM, Wednesday, July 22, 2020
#  Simulation has been initialized
#  Selected Top-Level: simplecpu (simplecpu)
# Waveform file 'untitled.awc' connected to 'c:/My_Designs/finalProject/finalproject/src/wave.asdb'.
run 500 ns
# KERNEL: stopped at time: 500 ns
run 500 ns
# KERNEL: stopped at time: 1 us
run 500 ns
# KERNEL: stopped at time: 1500 ns
acom -O3 -work finalproject -2002  $dsn/src/simplecpu.vhd
# Compile...
# Warning: DAGGEN_0523: The source is compiled without the -dbg switch. Line breakpoints and assertion debug will not be available.
# File: c:\My_Designs\finalProject\finalproject\src\simplecpu.vhd
# Compile Entity "simplecpu"
# Compile Architecture "simplecpu" of Entity "simplecpu"
# Compile success 0 Errors 0 Warnings  Analysis time :  0.2 [s]
acom -O3 -work finalproject -2002  $dsn/src/simplecpu.vhd
# Compile...
# Warning: DAGGEN_0523: The source is compiled without the -dbg switch. Line breakpoints and assertion debug will not be available.
# File: c:\My_Designs\finalProject\finalproject\src\simplecpu.vhd
# Compile Entity "simplecpu"
# Compile Architecture "simplecpu" of Entity "simplecpu"
# Compile success 0 Errors 0 Warnings  Analysis time :  78.0 [ms]
restart
# ELBREAD: Elaboration process.
# ELBREAD: Elaboration time 0.0 [s].
# KERNEL: Main thread initiated.
# KERNEL: Kernel process initialization phase.
# KERNEL: Time resolution set to 1ps.
# ELAB2: Elaboration final pass...
# ELAB2: Create instances ...
# ELAB2: Create instances complete.
# SLP: Started
# SLP: Elaboration phase ...
# SLP: Elaboration phase ... skipped, nothing to simulate in SLP mode : 0.0 [s]
# SLP: Finished : 0.0 [s]
# ELAB2: Elaboration final pass complete - time: 0.0 [s].
# KERNEL: Kernel process initialization done.
# Allocation: Simulator allocated 7082 kB (elbread=1023 elab2=5903 kernel=155 sdf=0)
# KERNEL: ASDB file was created in location c:\My_Designs\finalProject\finalproject\src\wave.asdb
#  4:27 AM, Wednesday, July 22, 2020
#  Simulation has been initialized
#  Selected Top-Level: simplecpu (simplecpu)
# Waveform file 'untitled.awc' connected to 'c:/My_Designs/finalProject/finalproject/src/wave.asdb'.
run 500 ns
# KERNEL: stopped at time: 500 ns
run 500 ns
# KERNEL: stopped at time: 1 us
run 500 ns
# KERNEL: stopped at time: 1500 ns
run 500 ns
acom -O3 -work finalproject -2002  $dsn/src/simplecpu.vhd
# Compile...
# Warning: DAGGEN_0523: The source is compiled without the -dbg switch. Line breakpoints and assertion debug will not be available.
# File: c:\My_Designs\finalProject\finalproject\src\simplecpu.vhd
# Compile Entity "simplecpu"
# Compile Architecture "simplecpu" of Entity "simplecpu"
# Compile success 0 Errors 0 Warnings  Analysis time :  0.1 [s]
# ELBREAD: Elaboration process.
# ELBREAD: Elaboration time 0.0 [s].
# KERNEL: Main thread initiated.
# KERNEL: Kernel process initialization phase.
# KERNEL: Time resolution set to 1ps.
# ELAB2: Elaboration final pass...
# ELAB2: Create instances ...
# ELAB2: Create instances complete.
# SLP: Started
# SLP: Elaboration phase ...
# SLP: Elaboration phase ... skipped, nothing to simulate in SLP mode : 0.0 [s]
# SLP: Finished : 0.0 [s]
# ELAB2: Elaboration final pass complete - time: 0.0 [s].
# KERNEL: Kernel process initialization done.
# Allocation: Simulator allocated 7082 kB (elbread=1023 elab2=5903 kernel=155 sdf=0)
# KERNEL: ASDB file was created in location c:\My_Designs\finalProject\finalproject\src\wave.asdb
#  4:28 AM, Wednesday, July 22, 2020
#  Simulation has been initialized
#  Selected Top-Level: simplecpu (simplecpu)
# Waveform file 'untitled.awc' connected to 'c:/My_Designs/finalProject/finalproject/src/wave.asdb'.
restart
# ELBREAD: Elaboration process.
# ELBREAD: Elaboration time 0.0 [s].
# KERNEL: Main thread initiated.
# KERNEL: Kernel process initialization phase.
# KERNEL: Time resolution set to 1ps.
# ELAB2: Elaboration final pass...
# ELAB2: Create instances ...
# ELAB2: Create instances complete.
# SLP: Started
# SLP: Elaboration phase ...
# SLP: Elaboration phase ... skipped, nothing to simulate in SLP mode : 0.0 [s]
# SLP: Finished : 0.0 [s]
# ELAB2: Elaboration final pass complete - time: 0.0 [s].
# KERNEL: Kernel process initialization done.
# Allocation: Simulator allocated 7082 kB (elbread=1023 elab2=5903 kernel=155 sdf=0)
# KERNEL: ASDB file was created in location c:\My_Designs\finalProject\finalproject\src\wave.asdb
#  4:28 AM, Wednesday, July 22, 2020
#  Simulation has been initialized
#  Selected Top-Level: simplecpu (simplecpu)
# Waveform file 'untitled.awc' connected to 'c:/My_Designs/finalProject/finalproject/src/wave.asdb'.
run 500 ns
# KERNEL: stopped at time: 500 ns
restart
# ELBREAD: Elaboration process.
# ELBREAD: Elaboration time 0.0 [s].
# KERNEL: Main thread initiated.
# KERNEL: Kernel process initialization phase.
# KERNEL: Time resolution set to 1ps.
# ELAB2: Elaboration final pass...
# ELAB2: Create instances ...
# ELAB2: Create instances complete.
# SLP: Started
# SLP: Elaboration phase ...
# SLP: Elaboration phase ... skipped, nothing to simulate in SLP mode : 0.0 [s]
# SLP: Finished : 0.0 [s]
# ELAB2: Elaboration final pass complete - time: 0.0 [s].
# KERNEL: Kernel process initialization done.
# Allocation: Simulator allocated 7082 kB (elbread=1023 elab2=5903 kernel=155 sdf=0)
# KERNEL: ASDB file was created in location c:\My_Designs\finalProject\finalproject\src\wave.asdb
#  4:30 AM, Wednesday, July 22, 2020
#  Simulation has been initialized
#  Selected Top-Level: simplecpu (simplecpu)
# Waveform file 'untitled.awc' connected to 'c:/My_Designs/finalProject/finalproject/src/wave.asdb'.
run 500 ns
# KERNEL: stopped at time: 500 ns
run 500 ns
# KERNEL: stopped at time: 1 us
run 500 ns
# KERNEL: stopped at time: 1500 ns
run 500 ns
# KERNEL: stopped at time: 2 us
run 500 ns
# KERNEL: stopped at time: 2500 ns
run 500 ns
# KERNEL: stopped at time: 3 us
run 500 ns
# KERNEL: stopped at time: 3500 ns
run 500 ns
# KERNEL: stopped at time: 4 us
run 500 ns
# KERNEL: stopped at time: 4500 ns
restart
# ELBREAD: Elaboration process.
# ELBREAD: Elaboration time 0.0 [s].
# KERNEL: Main thread initiated.
# KERNEL: Kernel process initialization phase.
# KERNEL: Time resolution set to 1ps.
# ELAB2: Elaboration final pass...
# ELAB2: Create instances ...
# ELAB2: Create instances complete.
# SLP: Started
# SLP: Elaboration phase ...
# SLP: Elaboration phase ... skipped, nothing to simulate in SLP mode : 0.0 [s]
# SLP: Finished : 0.0 [s]
# ELAB2: Elaboration final pass complete - time: 0.0 [s].
# KERNEL: Kernel process initialization done.
# Allocation: Simulator allocated 7082 kB (elbread=1023 elab2=5903 kernel=155 sdf=0)
# KERNEL: ASDB file was created in location c:\My_Designs\finalProject\finalproject\src\wave.asdb
#  4:37 AM, Wednesday, July 22, 2020
#  Simulation has been initialized
#  Selected Top-Level: simplecpu (simplecpu)
# Waveform file 'untitled.awc' connected to 'c:/My_Designs/finalProject/finalproject/src/wave.asdb'.
run 500 ns
# KERNEL: stopped at time: 500 ns
run 500 ns
# KERNEL: stopped at time: 1 us
restart
# ELBREAD: Elaboration process.
# ELBREAD: Elaboration time 0.0 [s].
# KERNEL: Main thread initiated.
# KERNEL: Kernel process initialization phase.
# KERNEL: Time resolution set to 1ps.
# ELAB2: Elaboration final pass...
# ELAB2: Create instances ...
# ELAB2: Create instances complete.
# SLP: Started
# SLP: Elaboration phase ...
# SLP: Elaboration phase ... skipped, nothing to simulate in SLP mode : 0.0 [s]
# SLP: Finished : 0.0 [s]
# ELAB2: Elaboration final pass complete - time: 0.0 [s].
# KERNEL: Kernel process initialization done.
# Allocation: Simulator allocated 7082 kB (elbread=1023 elab2=5903 kernel=155 sdf=0)
# KERNEL: ASDB file was created in location c:\My_Designs\finalProject\finalproject\src\wave.asdb
#  4:38 AM, Wednesday, July 22, 2020
#  Simulation has been initialized
#  Selected Top-Level: simplecpu (simplecpu)
# Waveform file 'untitled.awc' connected to 'c:/My_Designs/finalProject/finalproject/src/wave.asdb'.
run 500 ns
# KERNEL: stopped at time: 500 ns
run 500 ns
# KERNEL: stopped at time: 1 us
# Adding file c:\My_Designs\finalProject\finalproject\src\untitled.asdb ... Done
# Adding file c:\My_Designs\finalProject\finalproject\src\untitled.awc ... Done
restart
# ELBREAD: Elaboration process.
# ELBREAD: Elaboration time 0.0 [s].
# KERNEL: Main thread initiated.
# KERNEL: Kernel process initialization phase.
# KERNEL: Time resolution set to 1ps.
# ELAB2: Elaboration final pass...
# ELAB2: Create instances ...
# ELAB2: Create instances complete.
# SLP: Started
# SLP: Elaboration phase ...
# SLP: Elaboration phase ... skipped, nothing to simulate in SLP mode : 0.0 [s]
# SLP: Finished : 0.0 [s]
# ELAB2: Elaboration final pass complete - time: 0.0 [s].
# KERNEL: Kernel process initialization done.
# Allocation: Simulator allocated 7082 kB (elbread=1023 elab2=5903 kernel=155 sdf=0)
# KERNEL: ASDB file was created in location c:\My_Designs\finalProject\finalproject\src\wave.asdb
#  4:39 AM, Wednesday, July 22, 2020
#  Simulation has been initialized
#  Selected Top-Level: simplecpu (simplecpu)
# Waveform file 'c:/My_Designs/finalProject/finalproject/src/untitled.awc' connected to 'c:/My_Designs/finalProject/finalproject/src/wave.asdb'.
run 500 ns
# KERNEL: stopped at time: 500 ns
run 500 ns
# KERNEL: stopped at time: 1 us
run 500 ns
# KERNEL: stopped at time: 1500 ns
run 500 ns
# KERNEL: stopped at time: 2 us
acom -O3 -work finalproject -2002  $dsn/src/simplecpu.vhd
# Compile...
# Warning: DAGGEN_0523: The source is compiled without the -dbg switch. Line breakpoints and assertion debug will not be available.
# File: c:\My_Designs\finalProject\finalproject\src\simplecpu.vhd
# Compile Entity "simplecpu"
# Compile Architecture "simplecpu" of Entity "simplecpu"
# Compile success 0 Errors 0 Warnings  Analysis time :  0.1 [s]
restart
# ELBREAD: Elaboration process.
# ELBREAD: Elaboration time 0.0 [s].
# KERNEL: Main thread initiated.
# KERNEL: Kernel process initialization phase.
# KERNEL: Time resolution set to 1ps.
# ELAB2: Elaboration final pass...
# ELAB2: Create instances ...
# ELAB2: Create instances complete.
# SLP: Started
# SLP: Elaboration phase ...
# SLP: Elaboration phase ... skipped, nothing to simulate in SLP mode : 0.0 [s]
# SLP: Finished : 0.0 [s]
# ELAB2: Elaboration final pass complete - time: 0.0 [s].
# KERNEL: Kernel process initialization done.
# Allocation: Simulator allocated 7082 kB (elbread=1023 elab2=5903 kernel=155 sdf=0)
# KERNEL: ASDB file was created in location c:\My_Designs\finalProject\finalproject\src\wave.asdb
#  4:40 AM, Wednesday, July 22, 2020
#  Simulation has been initialized
#  Selected Top-Level: simplecpu (simplecpu)
# Waveform file 'c:/My_Designs/finalProject/finalproject/src/untitled.awc' connected to 'c:/My_Designs/finalProject/finalproject/src/wave.asdb'.
run 500 ns
# KERNEL: stopped at time: 500 ns
run 500 ns
# KERNEL: stopped at time: 1 us
run 500 ns
# KERNEL: stopped at time: 1500 ns
run 500 ns
# KERNEL: stopped at time: 2 us
run 500 ns
# KERNEL: stopped at time: 2500 ns
run 500 ns
# KERNEL: stopped at time: 3 us
acom -O3 -work finalproject -2002  $dsn/src/simplecpu.vhd
# Compile...
# Warning: DAGGEN_0523: The source is compiled without the -dbg switch. Line breakpoints and assertion debug will not be available.
# File: c:\My_Designs\finalProject\finalproject\src\simplecpu.vhd
# Compile Entity "simplecpu"
# Compile Architecture "simplecpu" of Entity "simplecpu"
# Error: COMP96_0127: simplecpu.vhd : (32, 27): Improper aggregate length. Expected length is 13.
# Error: COMP96_0079: simplecpu.vhd : (32, 27): Invalid aggregate.
# Error: COMP96_0077: simplecpu.vhd : (32, 27): Undefined type of expression. Expected type 'memory'.
# Compile failure 3 Errors 0 Warnings  Analysis time :  0.3 [s]
acom -O3 -work finalproject -2002  $dsn/src/simplecpu.vhd
# Compile...
# Warning: DAGGEN_0523: The source is compiled without the -dbg switch. Line breakpoints and assertion debug will not be available.
# File: c:\My_Designs\finalProject\finalproject\src\simplecpu.vhd
# Compile Entity "simplecpu"
# Compile Architecture "simplecpu" of Entity "simplecpu"
# Compile success 0 Errors 0 Warnings  Analysis time :  0.4 [s]
restart
# ELBREAD: Elaboration process.
# ELBREAD: Elaboration time 0.0 [s].
# KERNEL: Main thread initiated.
# KERNEL: Kernel process initialization phase.
# KERNEL: Time resolution set to 1ps.
# ELAB2: Elaboration final pass...
# ELAB2: Create instances ...
# ELAB2: Create instances complete.
# SLP: Started
# SLP: Elaboration phase ...
# SLP: Elaboration phase ... skipped, nothing to simulate in SLP mode : 0.0 [s]
# SLP: Finished : 0.0 [s]
# ELAB2: Elaboration final pass complete - time: 0.0 [s].
# KERNEL: Kernel process initialization done.
# Allocation: Simulator allocated 7082 kB (elbread=1023 elab2=5903 kernel=155 sdf=0)
# KERNEL: ASDB file was created in location c:\My_Designs\finalProject\finalproject\src\wave.asdb
#  9:52 AM, Wednesday, July 22, 2020
#  Simulation has been initialized
#  Selected Top-Level: simplecpu (simplecpu)
# Waveform file 'c:/My_Designs/finalProject/finalproject/src/untitled.awc' connected to 'c:/My_Designs/finalProject/finalproject/src/wave.asdb'.
run 500 ns
# KERNEL: stopped at time: 500 ns
run 500 ns
# KERNEL: stopped at time: 1 us
acom -O3 -work finalproject -2002  $dsn/src/simplecpu.vhd
# Compile...
# Warning: DAGGEN_0523: The source is compiled without the -dbg switch. Line breakpoints and assertion debug will not be available.
# File: c:\My_Designs\finalProject\finalproject\src\simplecpu.vhd
# Compile Entity "simplecpu"
# Compile Architecture "simplecpu" of Entity "simplecpu"
# Compile success 0 Errors 0 Warnings  Analysis time :  93.0 [ms]
restart
# ELBREAD: Elaboration process.
# ELBREAD: Elaboration time 0.0 [s].
# KERNEL: Main thread initiated.
# KERNEL: Kernel process initialization phase.
# KERNEL: Time resolution set to 1ps.
# ELAB2: Elaboration final pass...
# ELAB2: Create instances ...
# ELAB2: Create instances complete.
# SLP: Started
# SLP: Elaboration phase ...
# SLP: Elaboration phase ... skipped, nothing to simulate in SLP mode : 0.0 [s]
# SLP: Finished : 0.0 [s]
# ELAB2: Elaboration final pass complete - time: 0.0 [s].
# KERNEL: Kernel process initialization done.
# Allocation: Simulator allocated 7082 kB (elbread=1023 elab2=5903 kernel=155 sdf=0)
# KERNEL: ASDB file was created in location c:\My_Designs\finalProject\finalproject\src\wave.asdb
#  9:53 AM, Wednesday, July 22, 2020
#  Simulation has been initialized
#  Selected Top-Level: simplecpu (simplecpu)
# Waveform file 'c:/My_Designs/finalProject/finalproject/src/untitled.awc' connected to 'c:/My_Designs/finalProject/finalproject/src/wave.asdb'.
run 500 ns
# KERNEL: stopped at time: 500 ns
# Adding file c:\My_Designs\finalProject\finalproject\src\untitled.awc ... Done
# Adding file c:\My_Designs\finalProject\finalproject\src\untitled.awc ... Done
# Waveform file 'untitled.awc' connected to 'c:/My_Designs/finalProject/finalproject/src/untitled.asdb'.
# Waveform file 'untitled.awc' connected to 'c:/My_Designs/finalProject/finalproject/src/untitled.asdb'.
restart
# ELBREAD: Elaboration process.
# ELBREAD: Elaboration time 0.0 [s].
# KERNEL: Main thread initiated.
# KERNEL: Kernel process initialization phase.
# KERNEL: Time resolution set to 1ps.
# ELAB2: Elaboration final pass...
# ELAB2: Create instances ...
# ELAB2: Create instances complete.
# SLP: Started
# SLP: Elaboration phase ...
# SLP: Elaboration phase ... skipped, nothing to simulate in SLP mode : 0.0 [s]
# SLP: Finished : 0.0 [s]
# ELAB2: Elaboration final pass complete - time: 0.0 [s].
# KERNEL: Kernel process initialization done.
# Allocation: Simulator allocated 7082 kB (elbread=1023 elab2=5903 kernel=155 sdf=0)
# KERNEL: ASDB file was created in location c:\My_Designs\finalProject\finalproject\src\wave.asdb
#  9:55 AM, Wednesday, July 22, 2020
#  Simulation has been initialized
#  Selected Top-Level: simplecpu (simplecpu)
run 500 ns
# KERNEL: stopped at time: 500 ns
# KERNEL: Simulation has finished. There are no more test vectors to simulate.
#  Simulation has been stopped
# ELBREAD: Elaboration process.
# ELBREAD: Elaboration time 0.0 [s].
asim -O5 +access +r +m+simplecpu simplecpu simplecpu
# ELBREAD: Elaboration process.
# ELBREAD: Elaboration time 0.0 [s].
# asim: Stack memory: 32MB
# asim: Retval memory: 32MB
# KERNEL: Main thread initiated.
# KERNEL: Kernel process initialization phase.
# KERNEL: Time resolution set to 1ps.
# ELAB2: Elaboration final pass...
# ELAB2: Create instances ...
# ELAB2: Create instances complete.
# SLP: Started
# SLP: Elaboration phase ...
# SLP: Elaboration phase ... skipped, nothing to simulate in SLP mode : 0.0 [s]
# SLP: Finished : 0.0 [s]
# ELAB2: Elaboration final pass complete - time: 0.0 [s].
# KERNEL: Kernel process initialization done.
# Allocation: Simulator allocated 7082 kB (elbread=1023 elab2=5903 kernel=155 sdf=0)
# KERNEL: ASDB file was created in location c:\My_Designs\finalProject\finalproject\src\wave.asdb
#  9:55 AM, Wednesday, July 22, 2020
#  Simulation has been initialized
#  Selected Top-Level: simplecpu (simplecpu)
restart
# ELBREAD: Elaboration process.
# ELBREAD: Elaboration time 0.0 [s].
# KERNEL: Main thread initiated.
# KERNEL: Kernel process initialization phase.
# KERNEL: Time resolution set to 1ps.
# ELAB2: Elaboration final pass...
# ELAB2: Create instances ...
# ELAB2: Create instances complete.
# SLP: Started
# SLP: Elaboration phase ...
# SLP: Elaboration phase ... skipped, nothing to simulate in SLP mode : 0.0 [s]
# SLP: Finished : 0.0 [s]
# ELAB2: Elaboration final pass complete - time: 0.0 [s].
# KERNEL: Kernel process initialization done.
# Allocation: Simulator allocated 7082 kB (elbread=1023 elab2=5903 kernel=155 sdf=0)
# KERNEL: ASDB file was created in location c:\My_Designs\finalProject\finalproject\src\wave.asdb
#  9:55 AM, Wednesday, July 22, 2020
#  Simulation has been initialized
#  Selected Top-Level: simplecpu (simplecpu)
endsim
#  Simulation has been stopped
# ELBREAD: Elaboration process.
# ELBREAD: Elaboration time 0.0 [s].
asim -O5 +access +r +m+simplecpu simplecpu simplecpu
# ELBREAD: Elaboration process.
# ELBREAD: Elaboration time 0.0 [s].
# asim: Stack memory: 32MB
# asim: Retval memory: 32MB
# KERNEL: Main thread initiated.
# KERNEL: Kernel process initialization phase.
# KERNEL: Time resolution set to 1ps.
# ELAB2: Elaboration final pass...
# ELAB2: Create instances ...
# ELAB2: Create instances complete.
# SLP: Started
# SLP: Elaboration phase ...
# SLP: Elaboration phase ... skipped, nothing to simulate in SLP mode : 0.0 [s]
# SLP: Finished : 0.0 [s]
# ELAB2: Elaboration final pass complete - time: 0.1 [s].
# KERNEL: Kernel process initialization done.
# Allocation: Simulator allocated 7082 kB (elbread=1023 elab2=5903 kernel=155 sdf=0)
# KERNEL: ASDB file was created in location c:\My_Designs\finalProject\finalproject\src\wave.asdb
#  9:55 AM, Wednesday, July 22, 2020
#  Simulation has been initialized
#  Selected Top-Level: simplecpu (simplecpu)
# add wave -noreg {/simplecpu/reset}
# add wave -noreg {/simplecpu/clk}
# add wave -noreg {/simplecpu/output}
# add wave -noreg {/simplecpu/nx_State}
# add wave -noreg {/simplecpu/pr_state}
# add wave -noreg {/simplecpu/rin_r0}
# add wave -noreg {/simplecpu/rout_r0}
# add wave -noreg {/simplecpu/rin_r1}
# add wave -noreg {/simplecpu/rout_r1}
# add wave -noreg {/simplecpu/rin_r2}
# add wave -noreg {/simplecpu/rout_r2}
# add wave -noreg {/simplecpu/rin_r3}
# add wave -noreg {/simplecpu/rout_r3}
# add wave -noreg {/simplecpu/pc}
# add wave -noreg {/simplecpu/rin_ir}
# add wave -noreg {/simplecpu/rout_ir}
# add wave -noreg {/simplecpu/LD0}
# add wave -noreg {/simplecpu/LD1}
# add wave -noreg {/simplecpu/LD2}
# add wave -noreg {/simplecpu/LD3}
# add wave -noreg {/simplecpu/zr0}
# add wave -noreg {/simplecpu/zr1}
# add wave -noreg {/simplecpu/zr2}
# add wave -noreg {/simplecpu/zr3}
# add wave -noreg {/simplecpu/LD_PC}
# add wave -noreg {/simplecpu/LD_IR}
# add wave -noreg {/simplecpu/inc_pc}
# add wave -noreg {/simplecpu/clr_pc}
# add wave -noreg {/simplecpu/s0}
# add wave -noreg {/simplecpu/s1}
# add wave -noreg {/simplecpu/reg_select_mux0}
# add wave -noreg {/simplecpu/reg_select_mux1}
# add wave -noreg {/simplecpu/ir_select}
# add wave -noreg {/simplecpu/mux0}
# add wave -noreg {/simplecpu/mux1}
# add wave -noreg {/simplecpu/aluresult}
# add wave -noreg {/simplecpu/busline}
# add wave -noreg {/simplecpu/MData}
# add wave -noreg {/simplecpu/bus_sel}
# add wave -noreg {/simplecpu/cmd}
# add wave -noreg {/simplecpu/data}
# add wave -noreg {/simplecpu/my_Rom}
# 42 signal(s) traced.
# Waveform file 'untitled.awc' connected to 'c:/My_Designs/finalProject/finalproject/src/wave.asdb'.
run 500 ns
# KERNEL: stopped at time: 500 ns
# Adding file c:\My_Designs\finalProject\finalproject\src\waves\add.asdb ... Done
# Adding file c:\My_Designs\finalProject\finalproject\src\waves\add.awc ... Done
# Preparing list of files to export. Please wait...
# Finished preparing list of files to export.
# Exporting single document to pdf...
# Destination folder is [c:\My_Designs\finalProject\finalproject\pdf\]
# Exporting c:\My_Designs\finalProject\finalproject\src\waves\add.awc (1 of 1)
# Export to PDF time: [1 s]
# Exported PDF file: c:\My_Designs\finalProject\finalproject\pdf\add.pdf
# Preparing list of files to export. Please wait...
# Finished preparing list of files to export.
# Export of [finalproject] design files to PDF has been started...
# Destination folder is [c:\my_designs\finalproject\pdf\]
# Exporting documents to PDF (4 of 4)
# Exporting c:\My_Designs\finalProject\finalproject\src\simplecpu.vhd (1 of 4)
# Exporting HDE document [c:\My_Designs\finalProject\finalproject\src\simplecpu.vhd] ...
# HDE document [simplecpu.vhd] exported successfully
# Exporting c:\My_Designs\finalProject\finalproject\src\TestBench\simplecpu_TB.vhd (2 of 4)
# Exporting HDE document [c:\My_Designs\finalProject\finalproject\src\TestBench\simplecpu_TB.vhd] ...
# HDE document [simplecpu_TB.vhd] exported successfully
# Exporting c:\My_Designs\finalProject\finalproject\src\TestBench\simplecpu_TB_runtest.do (3 of 4)
# Exporting HDE document [c:\My_Designs\finalProject\finalproject\src\TestBench\simplecpu_TB_runtest.do] ...
# HDE document [simplecpu_TB_runtest.do] exported successfully
# Exporting c:\My_Designs\finalProject\finalproject\src\waves\add.awc (4 of 4)
# Export Workspace to PDF time: [2 s]
# Exported PDF file: c:\my_designs\finalproject\pdf\finalProject.pdf
acom -O3 -work finalproject -2002  $dsn/src/simplecpu.vhd
# Compile...
# Warning: DAGGEN_0523: The source is compiled without the -dbg switch. Line breakpoints and assertion debug will not be available.
# File: c:\My_Designs\finalProject\finalproject\src\simplecpu.vhd
# Compile Entity "simplecpu"
# Compile Architecture "simplecpu" of Entity "simplecpu"
# Compile success 0 Errors 0 Warnings  Analysis time :  0.2 [s]
endsim
#  Simulation has been stopped
asim -O5 +access +r +m+simplecpu simplecpu simplecpu
# ELBREAD: Elaboration process.
# ELBREAD: Elaboration time 0.0 [s].
# asim: Stack memory: 32MB
# asim: Retval memory: 32MB
# KERNEL: Main thread initiated.
# KERNEL: Kernel process initialization phase.
# KERNEL: Time resolution set to 1ps.
# ELAB2: Elaboration final pass...
# ELAB2: Create instances ...
# ELAB2: Create instances complete.
# SLP: Started
# SLP: Elaboration phase ...
# SLP: Elaboration phase ... skipped, nothing to simulate in SLP mode : 0.0 [s]
# SLP: Finished : 0.0 [s]
# ELAB2: Elaboration final pass complete - time: 0.1 [s].
# KERNEL: Kernel process initialization done.
# Allocation: Simulator allocated 7082 kB (elbread=1023 elab2=5903 kernel=155 sdf=0)
# KERNEL: ASDB file was created in location c:\My_Designs\finalProject\finalproject\src\wave.asdb
#  10:05 AM, Wednesday, July 22, 2020
#  Simulation has been initialized
#  Selected Top-Level: simplecpu (simplecpu)
# Waveform file 'c:/My_Designs/finalProject/finalproject/src/waves/add.awc' connected to 'c:/My_Designs/finalProject/finalproject/src/wave.asdb'.
run
# KERNEL: stopped at time: 1948294095 ns
#  Simulation has been stopped
# ELBREAD: Elaboration process.
# ELBREAD: Elaboration time 0.0 [s].
asim -O5 +access +r +m+simplecpu simplecpu simplecpu
# ELBREAD: Elaboration process.
# ELBREAD: Elaboration time 0.0 [s].
# asim: Stack memory: 32MB
# asim: Retval memory: 32MB
# KERNEL: Main thread initiated.
# KERNEL: Kernel process initialization phase.
# KERNEL: Time resolution set to 1ps.
# ELAB2: Elaboration final pass...
# ELAB2: Create instances ...
# ELAB2: Create instances complete.
# SLP: Started
# SLP: Elaboration phase ...
# SLP: Elaboration phase ... skipped, nothing to simulate in SLP mode : 0.0 [s]
# SLP: Finished : 0.0 [s]
# ELAB2: Elaboration final pass complete - time: 0.1 [s].
# KERNEL: Kernel process initialization done.
# Allocation: Simulator allocated 7082 kB (elbread=1023 elab2=5903 kernel=155 sdf=0)
# KERNEL: ASDB file was created in location c:\My_Designs\finalProject\finalproject\src\wave.asdb
#  10:06 AM, Wednesday, July 22, 2020
#  Simulation has been initialized
#  Selected Top-Level: simplecpu (simplecpu)
# add wave -noreg {/simplecpu/reset}
# add wave -noreg {/simplecpu/clk}
# add wave -noreg {/simplecpu/output}
# add wave -noreg {/simplecpu/nx_State}
# add wave -noreg {/simplecpu/pr_state}
# add wave -noreg {/simplecpu/rin_r0}
# add wave -noreg {/simplecpu/rout_r0}
# add wave -noreg {/simplecpu/rin_r1}
# add wave -noreg {/simplecpu/rout_r1}
# add wave -noreg {/simplecpu/rin_r2}
# add wave -noreg {/simplecpu/rout_r2}
# add wave -noreg {/simplecpu/rin_r3}
# add wave -noreg {/simplecpu/rout_r3}
# add wave -noreg {/simplecpu/pc}
# add wave -noreg {/simplecpu/rin_ir}
# add wave -noreg {/simplecpu/rout_ir}
# add wave -noreg {/simplecpu/LD0}
# add wave -noreg {/simplecpu/LD1}
# add wave -noreg {/simplecpu/LD2}
# add wave -noreg {/simplecpu/LD3}
# add wave -noreg {/simplecpu/zr0}
# add wave -noreg {/simplecpu/zr1}
# add wave -noreg {/simplecpu/zr2}
# add wave -noreg {/simplecpu/zr3}
# add wave -noreg {/simplecpu/LD_PC}
# add wave -noreg {/simplecpu/LD_IR}
# add wave -noreg {/simplecpu/inc_pc}
# add wave -noreg {/simplecpu/clr_pc}
# add wave -noreg {/simplecpu/s0}
# add wave -noreg {/simplecpu/s1}
# add wave -noreg {/simplecpu/reg_select_mux0}
# add wave -noreg {/simplecpu/reg_select_mux1}
# add wave -noreg {/simplecpu/ir_select}
# add wave -noreg {/simplecpu/mux0}
# add wave -noreg {/simplecpu/mux1}
# add wave -noreg {/simplecpu/aluresult}
# add wave -noreg {/simplecpu/busline}
# add wave -noreg {/simplecpu/MData}
# add wave -noreg {/simplecpu/bus_sel}
# add wave -noreg {/simplecpu/cmd}
# add wave -noreg {/simplecpu/data}
# add wave -noreg {/simplecpu/my_Rom}
# 42 signal(s) traced.
# Waveform file 'untitled.awc' connected to 'c:/My_Designs/finalProject/finalproject/src/wave.asdb'.
run 500 ns
# KERNEL: stopped at time: 500 ns
run 500 ns
# KERNEL: stopped at time: 1 us
run 500 ns
# KERNEL: stopped at time: 1500 ns
run 500 ns
# KERNEL: stopped at time: 2 us
run 500 ns
# KERNEL: stopped at time: 2500 ns
# Preparing list of files to export. Please wait...
# Finished preparing list of files to export.
# Error: The "untitled.awc" file is not attached to the active design and cannot be exported
# Adding file c:\My_Designs\finalProject\finalproject\src\multiplying.asdb ... Done
# Adding file c:\My_Designs\finalProject\finalproject\src\multiplying.awc ... Done
# Preparing list of files to export. Please wait...
# Finished preparing list of files to export.
# QMessageBox: There can be at most one default button
# Export of [finalproject] design files to PDF has been started...
# Destination folder is [c:\my_designs\finalproject\pdf\]
# Exporting documents to PDF (5 of 5)
# Exporting c:\My_Designs\finalProject\finalproject\src\simplecpu.vhd (1 of 5)
# Exporting HDE document [c:\My_Designs\finalProject\finalproject\src\simplecpu.vhd] ...
# HDE document [simplecpu.vhd] exported successfully
# Exporting c:\My_Designs\finalProject\finalproject\src\multiplying.awc (2 of 5)
# Exporting c:\My_Designs\finalProject\finalproject\src\waves\add.awc (3 of 5)
# Waveform file 'c:/My_Designs/finalProject/finalproject/src/waves/add.awc' connected to 'c:/My_Designs/finalProject/finalproject/src/waves/add.asdb'.
# Exporting c:\My_Designs\finalProject\finalproject\src\TestBench\simplecpu_TB.vhd (4 of 5)
# Exporting HDE document [c:\My_Designs\finalProject\finalproject\src\TestBench\simplecpu_TB.vhd] ...
# HDE document [simplecpu_TB.vhd] exported successfully
# Exporting c:\My_Designs\finalProject\finalproject\src\TestBench\simplecpu_TB_runtest.do (5 of 5)
# Exporting HDE document [c:\My_Designs\finalProject\finalproject\src\TestBench\simplecpu_TB_runtest.do] ...
# HDE document [simplecpu_TB_runtest.do] exported successfully
# Export Workspace to PDF time: [2 s]
# Exported PDF file: c:\my_designs\finalproject\pdf\finalproject_multipying.pdf
# Waveform file 'untitled.awc' connected to 'c:/My_Designs/finalProject/finalproject/src/waves/add.asdb'.
acom -O3 -work finalproject -2002  $dsn/src/simplecpu.vhd
# Compile...
# Warning: DAGGEN_0523: The source is compiled without the -dbg switch. Line breakpoints and assertion debug will not be available.
# File: c:\My_Designs\finalProject\finalproject\src\simplecpu.vhd
# Compile Entity "simplecpu"
# Compile Architecture "simplecpu" of Entity "simplecpu"
# Error: COMP96_0331: simplecpu.vhd : (60, 1): Syntax error in expression.
# Compile failure 1 Errors 0 Warnings  Analysis time :  0.3 [s]
acom -O3 -work finalproject -2002  $dsn/src/simplecpu.vhd
# Compile...
# Warning: DAGGEN_0523: The source is compiled without the -dbg switch. Line breakpoints and assertion debug will not be available.
# File: c:\My_Designs\finalProject\finalproject\src\simplecpu.vhd
# Compile Entity "simplecpu"
# Compile Architecture "simplecpu" of Entity "simplecpu"
# Error: COMP96_0664: simplecpu.vhd : (39, 1): Value 2 out of range 1 downto 0.
# Error: COMP96_0079: simplecpu.vhd : (33, 27): Invalid aggregate.
# Error: COMP96_0077: simplecpu.vhd : (33, 27): Undefined type of expression. Expected type 'memory'.
# Error: COMP96_0259: simplecpu.vhd : (269, 36): Index value in the reference to the array object is out of the array type range.
# Error: COMP96_0259: simplecpu.vhd : (270, 36): Index value in the reference to the array object is out of the array type range.
# Error: COMP96_0259: simplecpu.vhd : (271, 36): Index value in the reference to the array object is out of the array type range.
# Error: COMP96_0259: simplecpu.vhd : (272, 35): Index value in the reference to the array object is out of the array type range.
# Error: COMP96_0259: simplecpu.vhd : (273, 35): Index value in the reference to the array object is out of the array type range.
# Error: COMP96_0259: simplecpu.vhd : (274, 35): Index value in the reference to the array object is out of the array type range.
# Error: COMP96_0259: simplecpu.vhd : (275, 35): Index value in the reference to the array object is out of the array type range.
# Error: COMP96_0259: simplecpu.vhd : (276, 35): Index value in the reference to the array object is out of the array type range.
# Error: COMP96_0259: simplecpu.vhd : (277, 35): Index value in the reference to the array object is out of the array type range.
# Error: COMP96_0259: simplecpu.vhd : (278, 35): Index value in the reference to the array object is out of the array type range.
# Error: COMP96_0259: simplecpu.vhd : (279, 35): Index value in the reference to the array object is out of the array type range.
# Compile failure 14 Errors 0 Warnings  Analysis time :  0.2 [s]
acom -O3 -work finalproject -2002  $dsn/src/simplecpu.vhd
# Compile...
# Warning: DAGGEN_0523: The source is compiled without the -dbg switch. Line breakpoints and assertion debug will not be available.
# File: c:\My_Designs\finalProject\finalproject\src\simplecpu.vhd
# Compile Entity "simplecpu"
# Compile Architecture "simplecpu" of Entity "simplecpu"
# Compile success 0 Errors 0 Warnings  Analysis time :  0.1 [s]
#  Simulation has been stopped
